#Software: Microsoft Internet Information Services 10.0
#Version: 1.0
#Date: 2019-07-01 09:28:16
#Fields: date time s-ip cs-method cs-uri-stem cs-uri-query s-port cs-username c-ip cs(User-Agent) cs(Referer) sc-status sc-substatus sc-win32-status time-taken
2019-07-01 09:28:16 ::1 GET / - 50473 - ::1 Mozilla/5.0+(Windows+NT+10.0;+Win64;+x64)+AppleWebKit/537.36+(KHTML,+like+Gecko)+Chrome/75.0.3770.100+Safari/537.36 - 200 0 0 25864
2019-07-01 09:28:16 ::1 GET /Content/site.css - 50473 - ::1 Mozilla/5.0+(Windows+NT+10.0;+Win64;+x64)+AppleWebKit/537.36+(KHTML,+like+Gecko)+Chrome/75.0.3770.100+Safari/537.36 http://localhost:50473/ 304 0 0 23
2019-07-01 09:28:16 ::1 GET /Scripts/modernizr-2.8.3.js - 50473 - ::1 Mozilla/5.0+(Windows+NT+10.0;+Win64;+x64)+AppleWebKit/537.36+(KHTML,+like+Gecko)+Chrome/75.0.3770.100+Safari/537.36 http://localhost:50473/ 304 0 0 35
2019-07-01 09:28:16 ::1 GET /Content/bootstrap.css - 50473 - ::1 Mozilla/5.0+(Windows+NT+10.0;+Win64;+x64)+AppleWebKit/537.36+(KHTML,+like+Gecko)+Chrome/75.0.3770.100+Safari/537.36 http://localhost:50473/ 304 0 0 42
2019-07-01 09:28:16 ::1 GET /Scripts/bootstrap.js - 50473 - ::1 Mozilla/5.0+(Windows+NT+10.0;+Win64;+x64)+AppleWebKit/537.36+(KHTML,+like+Gecko)+Chrome/75.0.3770.100+Safari/537.36 http://localhost:50473/ 304 0 0 61
2019-07-01 09:28:16 ::1 GET /Scripts/jquery-3.3.1.js - 50473 - ::1 Mozilla/5.0+(Windows+NT+10.0;+Win64;+x64)+AppleWebKit/537.36+(KHTML,+like+Gecko)+Chrome/75.0.3770.100+Safari/537.36 http://localhost:50473/ 304 0 0 62
2019-07-01 09:28:22 ::1 GET / - 50473 - ::1 Mozilla/5.0+(Windows+NT+10.0;+Win64;+x64)+AppleWebKit/537.36+(KHTML,+like+Gecko)+Chrome/75.0.3770.100+Safari/537.36 http://localhost:50473/ 200 0 0 6
2019-07-01 09:28:24 ::1 GET /Home/About - 50473 - ::1 Mozilla/5.0+(Windows+NT+10.0;+Win64;+x64)+AppleWebKit/537.36+(KHTML,+like+Gecko)+Chrome/75.0.3770.100+Safari/537.36 http://localhost:50473/ 404 0 0 46
2019-07-01 09:28:30 ::1 GET /Home/About - 50473 - ::1 Mozilla/5.0+(Windows+NT+10.0;+Win64;+x64)+AppleWebKit/537.36+(KHTML,+like+Gecko)+Chrome/75.0.3770.100+Safari/537.36 http://localhost:50473/ 404 0 0 3
2019-07-01 09:28:34 ::1 GET /Home/Contact - 50473 - ::1 Mozilla/5.0+(Windows+NT+10.0;+Win64;+x64)+AppleWebKit/537.36+(KHTML,+like+Gecko)+Chrome/75.0.3770.100+Safari/537.36 http://localhost:50473/ 404 0 0 6
#Software: Microsoft Internet Information Services 10.0
#Version: 1.0
#Date: 2019-07-01 09:55:19
#Fields: date time s-ip cs-method cs-uri-stem cs-uri-query s-port cs-username c-ip cs(User-Agent) cs(Referer) sc-status sc-substatus sc-win32-status time-taken
2019-07-01 09:55:19 ::1 GET / - 50473 - ::1 Mozilla/5.0+(Windows+NT+10.0;+Win64;+x64)+AppleWebKit/537.36+(KHTML,+like+Gecko)+Chrome/75.0.3770.100+Safari/537.36 - 200 0 0 14407
2019-07-01 09:55:24 ::1 GET /login - 50473 - ::1 Mozilla/5.0+(Windows+NT+10.0;+Win64;+x64)+AppleWebKit/537.36+(KHTML,+like+Gecko)+Chrome/75.0.3770.100+Safari/537.36 http://localhost:50473/ 200 0 0 2181
2019-07-01 09:55:58 ::1 GET /login/Edit/1 - 50473 - ::1 Mozilla/5.0+(Windows+NT+10.0;+Win64;+x64)+AppleWebKit/537.36+(KHTML,+like+Gecko)+Chrome/75.0.3770.100+Safari/537.36 http://localhost:50473/login 200 0 0 639
2019-07-01 09:55:58 ::1 GET /Scripts/jquery.validate.js - 50473 - ::1 Mozilla/5.0+(Windows+NT+10.0;+Win64;+x64)+AppleWebKit/537.36+(KHTML,+like+Gecko)+Chrome/75.0.3770.100+Safari/537.36 http://localhost:50473/login/Edit/1 200 0 0 18
2019-07-01 09:55:58 ::1 GET /Scripts/jquery.validate.unobtrusive.js - 50473 - ::1 Mozilla/5.0+(Windows+NT+10.0;+Win64;+x64)+AppleWebKit/537.36+(KHTML,+like+Gecko)+Chrome/75.0.3770.100+Safari/537.36 http://localhost:50473/login/Edit/1 200 0 0 20
2019-07-01 09:56:04 ::1 POST /login/Edit/1 - 50473 - ::1 Mozilla/5.0+(Windows+NT+10.0;+Win64;+x64)+AppleWebKit/537.36+(KHTML,+like+Gecko)+Chrome/75.0.3770.100+Safari/537.36 http://localhost:50473/login/Edit/1 302 0 0 331
2019-07-01 09:56:04 ::1 GET /login - 50473 - ::1 Mozilla/5.0+(Windows+NT+10.0;+Win64;+x64)+AppleWebKit/537.36+(KHTML,+like+Gecko)+Chrome/75.0.3770.100+Safari/537.36 http://localhost:50473/login/Edit/1 200 0 0 8
#Software: Microsoft Internet Information Services 10.0
#Version: 1.0
#Date: 2019-07-01 12:30:54
#Fields: date time s-ip cs-method cs-uri-stem cs-uri-query s-port cs-username c-ip cs(User-Agent) cs(Referer) sc-status sc-substatus sc-win32-status time-taken
2019-07-01 12:30:54 ::1 GET / - 50473 - ::1 Mozilla/5.0+(Windows+NT+10.0;+Win64;+x64)+AppleWebKit/537.36+(KHTML,+like+Gecko)+Chrome/75.0.3770.100+Safari/537.36 - 200 0 0 7243
2019-07-01 12:30:54 ::1 GET /Scripts/jquery-3.3.1.js - 50473 - ::1 Mozilla/5.0+(Windows+NT+10.0;+Win64;+x64)+AppleWebKit/537.36+(KHTML,+like+Gecko)+Chrome/75.0.3770.100+Safari/537.36 http://localhost:50473/ 304 0 0 39
2019-07-01 12:30:54 ::1 GET /Scripts/modernizr-2.8.3.js - 50473 - ::1 Mozilla/5.0+(Windows+NT+10.0;+Win64;+x64)+AppleWebKit/537.36+(KHTML,+like+Gecko)+Chrome/75.0.3770.100+Safari/537.36 http://localhost:50473/ 304 0 0 43
2019-07-01 12:30:54 ::1 GET /Content/site.css - 50473 - ::1 Mozilla/5.0+(Windows+NT+10.0;+Win64;+x64)+AppleWebKit/537.36+(KHTML,+like+Gecko)+Chrome/75.0.3770.100+Safari/537.36 http://localhost:50473/ 304 0 0 47
2019-07-01 12:30:54 ::1 GET /Content/bootstrap.css - 50473 - ::1 Mozilla/5.0+(Windows+NT+10.0;+Win64;+x64)+AppleWebKit/537.36+(KHTML,+like+Gecko)+Chrome/75.0.3770.100+Safari/537.36 http://localhost:50473/ 304 0 0 52
2019-07-01 12:30:54 ::1 GET /Scripts/bootstrap.js - 50473 - ::1 Mozilla/5.0+(Windows+NT+10.0;+Win64;+x64)+AppleWebKit/537.36+(KHTML,+like+Gecko)+Chrome/75.0.3770.100+Safari/537.36 http://localhost:50473/ 304 0 0 63
#Software: Microsoft Internet Information Services 10.0
#Version: 1.0
#Date: 2019-07-01 13:52:45
#Fields: date time s-ip cs-method cs-uri-stem cs-uri-query s-port cs-username c-ip cs(User-Agent) cs(Referer) sc-status sc-substatus sc-win32-status time-taken
2019-07-01 13:52:45 ::1 GET / - 50473 - ::1 Mozilla/5.0+(Windows+NT+10.0;+Win64;+x64)+AppleWebKit/537.36+(KHTML,+like+Gecko)+Chrome/75.0.3770.100+Safari/537.36 - 200 0 0 26075
#Software: Microsoft Internet Information Services 10.0
#Version: 1.0
#Date: 2019-07-01 13:56:09
#Fields: date time s-ip cs-method cs-uri-stem cs-uri-query s-port cs-username c-ip cs(User-Agent) cs(Referer) sc-status sc-substatus sc-win32-status time-taken
2019-07-01 13:56:09 ::1 GET / - 50473 - ::1 Mozilla/5.0+(Windows+NT+10.0;+Win64;+x64)+AppleWebKit/537.36+(KHTML,+like+Gecko)+Chrome/75.0.3770.100+Safari/537.36 - 200 0 0 7036
2019-07-01 13:56:13 ::1 GET /multimodel - 50473 - ::1 Mozilla/5.0+(Windows+NT+10.0;+Win64;+x64)+AppleWebKit/537.36+(KHTML,+like+Gecko)+Chrome/75.0.3770.100+Safari/537.36 http://localhost:50473/ 500 0 0 194
#Software: Microsoft Internet Information Services 10.0
#Version: 1.0
#Date: 2019-07-01 13:57:49
#Fields: date time s-ip cs-method cs-uri-stem cs-uri-query s-port cs-username c-ip cs(User-Agent) cs(Referer) sc-status sc-substatus sc-win32-status time-taken
2019-07-01 13:57:49 ::1 GET / - 50473 - ::1 Mozilla/5.0+(Windows+NT+10.0;+Win64;+x64)+AppleWebKit/537.36+(KHTML,+like+Gecko)+Chrome/75.0.3770.100+Safari/537.36 - 200 0 0 8627
2019-07-01 13:57:52 ::1 GET /multimodel - 50473 - ::1 Mozilla/5.0+(Windows+NT+10.0;+Win64;+x64)+AppleWebKit/537.36+(KHTML,+like+Gecko)+Chrome/75.0.3770.100+Safari/537.36 http://localhost:50473/ 200 0 0 542
#Software: Microsoft Internet Information Services 10.0
#Version: 1.0
#Date: 2019-07-01 14:05:55
#Fields: date time s-ip cs-method cs-uri-stem cs-uri-query s-port cs-username c-ip cs(User-Agent) cs(Referer) sc-status sc-substatus sc-win32-status time-taken
2019-07-01 14:05:55 ::1 GET / - 50473 - ::1 Mozilla/5.0+(Windows+NT+10.0;+Win64;+x64)+AppleWebKit/537.36+(KHTML,+like+Gecko)+Chrome/75.0.3770.100+Safari/537.36 - 200 0 0 10002
2019-07-01 14:06:05 ::1 GET /logins - 50473 - ::1 Mozilla/5.0+(Windows+NT+10.0;+Win64;+x64)+AppleWebKit/537.36+(KHTML,+like+Gecko)+Chrome/75.0.3770.100+Safari/537.36 http://localhost:50473/ 200 0 0 3704
#Software: Microsoft Internet Information Services 10.0
#Version: 1.0
#Date: 2019-07-01 14:32:09
#Fields: date time s-ip cs-method cs-uri-stem cs-uri-query s-port cs-username c-ip cs(User-Agent) cs(Referer) sc-status sc-substatus sc-win32-status time-taken
2019-07-01 14:32:09 ::1 GET / - 50473 - ::1 Mozilla/5.0+(Windows+NT+10.0;+Win64;+x64)+AppleWebKit/537.36+(KHTML,+like+Gecko)+Chrome/75.0.3770.100+Safari/537.36 - 200 0 0 18885
2019-07-01 14:32:13 ::1 GET /multimodel - 50473 - ::1 Mozilla/5.0+(Windows+NT+10.0;+Win64;+x64)+AppleWebKit/537.36+(KHTML,+like+Gecko)+Chrome/75.0.3770.100+Safari/537.36 http://localhost:50473/ 200 0 0 1242
#Software: Microsoft Internet Information Services 10.0
#Version: 1.0
#Date: 2019-07-01 14:33:39
#Fields: date time s-ip cs-method cs-uri-stem cs-uri-query s-port cs-username c-ip cs(User-Agent) cs(Referer) sc-status sc-substatus sc-win32-status time-taken
2019-07-01 14:33:39 ::1 GET / - 50473 - ::1 Mozilla/5.0+(Windows+NT+10.0;+Win64;+x64)+AppleWebKit/537.36+(KHTML,+like+Gecko)+Chrome/75.0.3770.100+Safari/537.36 - 200 0 0 5553
2019-07-01 14:33:42 ::1 GET /multimodel - 50473 - ::1 Mozilla/5.0+(Windows+NT+10.0;+Win64;+x64)+AppleWebKit/537.36+(KHTML,+like+Gecko)+Chrome/75.0.3770.100+Safari/537.36 http://localhost:50473/ 200 0 0 48
2019-07-01 14:33:44 ::1 GET /multimodel - 50473 - ::1 Mozilla/5.0+(Windows+NT+10.0;+Win64;+x64)+AppleWebKit/537.36+(KHTML,+like+Gecko)+Chrome/75.0.3770.100+Safari/537.36 http://localhost:50473/multimodel 200 0 0 6
#Software: Microsoft Internet Information Services 10.0
#Version: 1.0
#Date: 2019-07-01 14:57:04
#Fields: date time s-ip cs-method cs-uri-stem cs-uri-query s-port cs-username c-ip cs(User-Agent) cs(Referer) sc-status sc-substatus sc-win32-status time-taken
2019-07-01 14:57:04 ::1 GET / - 50473 - ::1 Mozilla/5.0+(Windows+NT+10.0;+Win64;+x64)+AppleWebKit/537.36+(KHTML,+like+Gecko)+Chrome/75.0.3770.100+Safari/537.36 - 200 0 0 23838
2019-07-01 14:59:35 ::1 GET /multimodel - 50473 - ::1 Mozilla/5.0+(Windows+NT+10.0;+Win64;+x64)+AppleWebKit/537.36+(KHTML,+like+Gecko)+Chrome/75.0.3770.100+Safari/537.36 http://localhost:50473/ 200 0 0 2011
2019-07-01 14:59:57 ::1 GET /multimodel/index - 50473 - ::1 Mozilla/5.0+(Windows+NT+10.0;+Win64;+x64)+AppleWebKit/537.36+(KHTML,+like+Gecko)+Chrome/75.0.3770.100+Safari/537.36 - 200 0 0 30
2019-07-01 15:01:16 ::1 GET /multimodel/abc - 50473 - ::1 Mozilla/5.0+(Windows+NT+10.0;+Win64;+x64)+AppleWebKit/537.36+(KHTML,+like+Gecko)+Chrome/75.0.3770.100+Safari/537.36 - 200 0 0 13601
#Software: Microsoft Internet Information Services 10.0
#Version: 1.0
#Date: 2019-07-01 15:03:44
#Fields: date time s-ip cs-method cs-uri-stem cs-uri-query s-port cs-username c-ip cs(User-Agent) cs(Referer) sc-status sc-substatus sc-win32-status time-taken
2019-07-01 15:03:44 ::1 GET / - 50473 - ::1 Mozilla/5.0+(Windows+NT+10.0;+Win64;+x64)+AppleWebKit/537.36+(KHTML,+like+Gecko)+Chrome/75.0.3770.100+Safari/537.36 - 200 0 0 4670
2019-07-01 15:03:54 ::1 GET /multimodel - 50473 - ::1 Mozilla/5.0+(Windows+NT+10.0;+Win64;+x64)+AppleWebKit/537.36+(KHTML,+like+Gecko)+Chrome/75.0.3770.100+Safari/537.36 http://localhost:50473/ 200 0 0 1479
2019-07-01 15:03:58 ::1 GET /multimodel - 50473 - ::1 Mozilla/5.0+(Windows+NT+10.0;+Win64;+x64)+AppleWebKit/537.36+(KHTML,+like+Gecko)+Chrome/75.0.3770.100+Safari/537.36 http://localhost:50473/multimodel 200 0 0 11
#Software: Microsoft Internet Information Services 10.0
#Version: 1.0
#Date: 2019-07-01 15:04:32
#Fields: date time s-ip cs-method cs-uri-stem cs-uri-query s-port cs-username c-ip cs(User-Agent) cs(Referer) sc-status sc-substatus sc-win32-status time-taken
2019-07-01 15:04:32 ::1 GET / - 50473 - ::1 Mozilla/5.0+(Windows+NT+10.0;+Win64;+x64)+AppleWebKit/537.36+(KHTML,+like+Gecko)+Chrome/75.0.3770.100+Safari/537.36 - 200 0 0 6742
2019-07-01 15:04:47 ::1 GET /Home/abc - 50473 - ::1 Mozilla/5.0+(Windows+NT+10.0;+Win64;+x64)+AppleWebKit/537.36+(KHTML,+like+Gecko)+Chrome/75.0.3770.100+Safari/537.36 http://localhost:50473/ 404 0 0 98
#Software: Microsoft Internet Information Services 10.0
#Version: 1.0
#Date: 2019-07-01 15:05:56
#Fields: date time s-ip cs-method cs-uri-stem cs-uri-query s-port cs-username c-ip cs(User-Agent) cs(Referer) sc-status sc-substatus sc-win32-status time-taken
2019-07-01 15:05:56 ::1 GET / - 50473 - ::1 Mozilla/5.0+(Windows+NT+10.0;+Win64;+x64)+AppleWebKit/537.36+(KHTML,+like+Gecko)+Chrome/75.0.3770.100+Safari/537.36 - 200 0 0 7030
2019-07-01 15:06:00 ::1 GET /multimodel - 50473 - ::1 Mozilla/5.0+(Windows+NT+10.0;+Win64;+x64)+AppleWebKit/537.36+(KHTML,+like+Gecko)+Chrome/75.0.3770.100+Safari/537.36 http://localhost:50473/ 200 0 0 1144
2019-07-01 15:06:20 ::1 GET /multimodel/abc - 50473 - ::1 Mozilla/5.0+(Windows+NT+10.0;+Win64;+x64)+AppleWebKit/537.36+(KHTML,+like+Gecko)+Chrome/75.0.3770.100+Safari/537.36 http://localhost:50473/multimodel 200 0 0 17090
#Software: Microsoft Internet Information Services 10.0
#Version: 1.0
#Date: 2019-07-01 15:09:04
#Fields: date time s-ip cs-method cs-uri-stem cs-uri-query s-port cs-username c-ip cs(User-Agent) cs(Referer) sc-status sc-substatus sc-win32-status time-taken
2019-07-01 15:09:04 ::1 GET / - 50473 - ::1 Mozilla/5.0+(Windows+NT+10.0;+Win64;+x64)+AppleWebKit/537.36+(KHTML,+like+Gecko)+Chrome/75.0.3770.100+Safari/537.36 - 200 0 0 4985
2019-07-01 15:09:09 ::1 GET /multimodel - 50473 - ::1 Mozilla/5.0+(Windows+NT+10.0;+Win64;+x64)+AppleWebKit/537.36+(KHTML,+like+Gecko)+Chrome/75.0.3770.100+Safari/537.36 http://localhost:50473/ 200 0 0 1429
2019-07-01 15:09:22 ::1 GET /multimodel/abc - 50473 - ::1 Mozilla/5.0+(Windows+NT+10.0;+Win64;+x64)+AppleWebKit/537.36+(KHTML,+like+Gecko)+Chrome/75.0.3770.100+Safari/537.36 http://localhost:50473/multimodel 200 0 0 10628
#Software: Microsoft Internet Information Services 10.0
#Version: 1.0
#Date: 2019-07-01 15:21:26
#Fields: date time s-ip cs-method cs-uri-stem cs-uri-query s-port cs-username c-ip cs(User-Agent) cs(Referer) sc-status sc-substatus sc-win32-status time-taken
2019-07-01 15:21:26 ::1 GET / - 50473 - ::1 Mozilla/5.0+(Windows+NT+10.0;+Win64;+x64)+AppleWebKit/537.36+(KHTML,+like+Gecko)+Chrome/75.0.3770.100+Safari/537.36 - 200 0 0 9720
2019-07-01 15:21:26 ::1 GET /Content/bootstrap.css - 50473 - ::1 Mozilla/5.0+(Windows+NT+10.0;+Win64;+x64)+AppleWebKit/537.36+(KHTML,+like+Gecko)+Chrome/75.0.3770.100+Safari/537.36 http://localhost:50473/ 304 0 0 10
2019-07-01 15:21:26 ::1 GET /Scripts/jquery-3.3.1.js - 50473 - ::1 Mozilla/5.0+(Windows+NT+10.0;+Win64;+x64)+AppleWebKit/537.36+(KHTML,+like+Gecko)+Chrome/75.0.3770.100+Safari/537.36 http://localhost:50473/ 304 0 0 15
2019-07-01 15:21:26 ::1 GET /Scripts/modernizr-2.8.3.js - 50473 - ::1 Mozilla/5.0+(Windows+NT+10.0;+Win64;+x64)+AppleWebKit/537.36+(KHTML,+like+Gecko)+Chrome/75.0.3770.100+Safari/537.36 http://localhost:50473/ 304 0 0 21
2019-07-01 15:21:26 ::1 GET /Content/site.css - 50473 - ::1 Mozilla/5.0+(Windows+NT+10.0;+Win64;+x64)+AppleWebKit/537.36+(KHTML,+like+Gecko)+Chrome/75.0.3770.100+Safari/537.36 http://localhost:50473/ 304 0 0 26
2019-07-01 15:21:26 ::1 GET /Scripts/bootstrap.js - 50473 - ::1 Mozilla/5.0+(Windows+NT+10.0;+Win64;+x64)+AppleWebKit/537.36+(KHTML,+like+Gecko)+Chrome/75.0.3770.100+Safari/537.36 http://localhost:50473/ 304 0 0 25
2019-07-01 15:21:37 ::1 GET /multimodel - 50473 - ::1 Mozilla/5.0+(Windows+NT+10.0;+Win64;+x64)+AppleWebKit/537.36+(KHTML,+like+Gecko)+Chrome/75.0.3770.100+Safari/537.36 http://localhost:50473/ 200 0 0 995
2019-07-01 15:21:51 ::1 GET /multimodel/abc - 50473 - ::1 Mozilla/5.0+(Windows+NT+10.0;+Win64;+x64)+AppleWebKit/537.36+(KHTML,+like+Gecko)+Chrome/75.0.3770.100+Safari/537.36 http://localhost:50473/multimodel 200 0 0 9401
#Software: Microsoft Internet Information Services 10.0
#Version: 1.0
#Date: 2019-07-01 15:28:24
#Fields: date time s-ip cs-method cs-uri-stem cs-uri-query s-port cs-username c-ip cs(User-Agent) cs(Referer) sc-status sc-substatus sc-win32-status time-taken
2019-07-01 15:28:24 ::1 GET / - 50473 - ::1 Mozilla/5.0+(Windows+NT+10.0;+Win64;+x64)+AppleWebKit/537.36+(KHTML,+like+Gecko)+Chrome/75.0.3770.100+Safari/537.36 - 200 0 0 7721
2019-07-01 15:28:37 ::1 GET /multimodel - 50473 - ::1 Mozilla/5.0+(Windows+NT+10.0;+Win64;+x64)+AppleWebKit/537.36+(KHTML,+like+Gecko)+Chrome/75.0.3770.100+Safari/537.36 http://localhost:50473/ 200 0 0 1929
2019-07-01 15:28:40 ::1 GET /multimodel/abc - 50473 - ::1 Mozilla/5.0+(Windows+NT+10.0;+Win64;+x64)+AppleWebKit/537.36+(KHTML,+like+Gecko)+Chrome/75.0.3770.100+Safari/537.36 http://localhost:50473/multimodel 200 0 0 1222
#Software: Microsoft Internet Information Services 10.0
#Version: 1.0
#Date: 2019-07-01 15:55:27
#Fields: date time s-ip cs-method cs-uri-stem cs-uri-query s-port cs-username c-ip cs(User-Agent) cs(Referer) sc-status sc-substatus sc-win32-status time-taken
2019-07-01 15:55:26 ::1 GET / - 50473 - ::1 Mozilla/5.0+(Windows+NT+10.0;+Win64;+x64)+AppleWebKit/537.36+(KHTML,+like+Gecko)+Chrome/75.0.3770.100+Safari/537.36 - 200 0 0 34936
2019-07-01 15:56:12 ::1 GET /multimodel - 50473 - ::1 Mozilla/5.0+(Windows+NT+10.0;+Win64;+x64)+AppleWebKit/537.36+(KHTML,+like+Gecko)+Chrome/75.0.3770.100+Safari/537.36 http://localhost:50473/ 200 0 64 4188
2019-07-01 15:56:12 ::1 GET /multimodel - 50473 - ::1 Mozilla/5.0+(Windows+NT+10.0;+Win64;+x64)+AppleWebKit/537.36+(KHTML,+like+Gecko)+Chrome/75.0.3770.100+Safari/537.36 http://localhost:50473/ 200 0 0 4138
2019-07-01 15:56:14 ::1 GET /multimodel/abc - 50473 - ::1 Mozilla/5.0+(Windows+NT+10.0;+Win64;+x64)+AppleWebKit/537.36+(KHTML,+like+Gecko)+Chrome/75.0.3770.100+Safari/537.36 http://localhost:50473/multimodel 200 0 64 320
2019-07-01 15:56:14 ::1 GET /multimodel/abc - 50473 - ::1 Mozilla/5.0+(Windows+NT+10.0;+Win64;+x64)+AppleWebKit/537.36+(KHTML,+like+Gecko)+Chrome/75.0.3770.100+Safari/537.36 http://localhost:50473/multimodel 200 0 0 226
2019-07-01 15:57:17 ::1 GET /multimodel/abc - 50473 - ::1 Mozilla/5.0+(Windows+NT+10.0;+Win64;+x64)+AppleWebKit/537.36+(KHTML,+like+Gecko)+Chrome/75.0.3770.100+Safari/537.36 - 200 0 0 16
2019-07-01 15:57:22 ::1 GET /multimodel/abc - 50473 - ::1 Mozilla/5.0+(Windows+NT+10.0;+Win64;+x64)+AppleWebKit/537.36+(KHTML,+like+Gecko)+Chrome/75.0.3770.100+Safari/537.36 - 200 0 0 5
2019-07-01 15:57:38 ::1 GET /multimodel/abc - 50473 - ::1 Mozilla/5.0+(Windows+NT+10.0;+Win64;+x64)+AppleWebKit/537.36+(KHTML,+like+Gecko)+Chrome/75.0.3770.100+Safari/537.36 - 200 0 0 845
2019-07-01 15:58:59 ::1 GET /multimodel/abc - 50473 - ::1 Mozilla/5.0+(Windows+NT+10.0;+Win64;+x64)+AppleWebKit/537.36+(KHTML,+like+Gecko)+Chrome/75.0.3770.100+Safari/537.36 - 200 0 0 545
2019-07-01 15:59:40 ::1 GET /multimodel/abc - 50473 - ::1 Mozilla/5.0+(Windows+NT+10.0;+Win64;+x64)+AppleWebKit/537.36+(KHTML,+like+Gecko)+Chrome/75.0.3770.100+Safari/537.36 - 200 0 0 590
2019-07-01 16:01:22 ::1 GET /multimodel/abc - 50473 - ::1 Mozilla/5.0+(Windows+NT+10.0;+Win64;+x64)+AppleWebKit/537.36+(KHTML,+like+Gecko)+Chrome/75.0.3770.100+Safari/537.36 - 200 0 0 603
2019-07-01 16:01:37 ::1 GET /logins - 50473 - ::1 Mozilla/5.0+(Windows+NT+10.0;+Win64;+x64)+AppleWebKit/537.36+(KHTML,+like+Gecko)+Chrome/75.0.3770.100+Safari/537.36 http://localhost:50473/multimodel/abc 200 0 0 1392
