#Software: Microsoft Internet Information Services 10.0
#Version: 1.0
#Date: 2019-06-30 11:01:24
#Fields: date time s-ip cs-method cs-uri-stem cs-uri-query s-port cs-username c-ip cs(User-Agent) cs(Referer) sc-status sc-substatus sc-win32-status time-taken
2019-06-30 11:01:24 ::1 GET / - 50473 - ::1 Mozilla/5.0+(Windows+NT+10.0;+Win64;+x64)+AppleWebKit/537.36+(KHTML,+like+Gecko)+Chrome/75.0.3770.100+Safari/537.36 - 200 0 0 35269
2019-06-30 11:01:24 ::1 GET /Content/site.css - 50473 - ::1 Mozilla/5.0+(Windows+NT+10.0;+Win64;+x64)+AppleWebKit/537.36+(KHTML,+like+Gecko)+Chrome/75.0.3770.100+Safari/537.36 http://localhost:50473/ 200 0 0 49
2019-06-30 11:01:24 ::1 GET /Scripts/modernizr-2.8.3.js - 50473 - ::1 Mozilla/5.0+(Windows+NT+10.0;+Win64;+x64)+AppleWebKit/537.36+(KHTML,+like+Gecko)+Chrome/75.0.3770.100+Safari/537.36 http://localhost:50473/ 200 0 0 52
2019-06-30 11:01:24 ::1 GET /Scripts/bootstrap.js - 50473 - ::1 Mozilla/5.0+(Windows+NT+10.0;+Win64;+x64)+AppleWebKit/537.36+(KHTML,+like+Gecko)+Chrome/75.0.3770.100+Safari/537.36 http://localhost:50473/ 200 0 0 66
2019-06-30 11:01:24 ::1 GET /Content/bootstrap.css - 50473 - ::1 Mozilla/5.0+(Windows+NT+10.0;+Win64;+x64)+AppleWebKit/537.36+(KHTML,+like+Gecko)+Chrome/75.0.3770.100+Safari/537.36 http://localhost:50473/ 200 0 0 71
2019-06-30 11:01:24 ::1 GET /Scripts/jquery-3.3.1.js - 50473 - ::1 Mozilla/5.0+(Windows+NT+10.0;+Win64;+x64)+AppleWebKit/537.36+(KHTML,+like+Gecko)+Chrome/75.0.3770.100+Safari/537.36 http://localhost:50473/ 200 0 0 114
2019-06-30 11:01:25 ::1 GET /favicon.ico - 50473 - ::1 Mozilla/5.0+(Windows+NT+10.0;+Win64;+x64)+AppleWebKit/537.36+(KHTML,+like+Gecko)+Chrome/75.0.3770.100+Safari/537.36 http://localhost:50473/ 200 0 0 12
#Software: Microsoft Internet Information Services 10.0
#Version: 1.0
#Date: 2019-06-30 11:03:12
#Fields: date time s-ip cs-method cs-uri-stem cs-uri-query s-port cs-username c-ip cs(User-Agent) cs(Referer) sc-status sc-substatus sc-win32-status time-taken
2019-06-30 11:03:12 ::1 GET / - 50473 - ::1 Mozilla/5.0+(Windows+NT+10.0;+Win64;+x64)+AppleWebKit/537.36+(KHTML,+like+Gecko)+Chrome/75.0.3770.100+Safari/537.36 - 200 0 0 12260
#Software: Microsoft Internet Information Services 10.0
#Version: 1.0
#Date: 2019-06-30 11:08:51
#Fields: date time s-ip cs-method cs-uri-stem cs-uri-query s-port cs-username c-ip cs(User-Agent) cs(Referer) sc-status sc-substatus sc-win32-status time-taken
2019-06-30 11:08:51 ::1 GET / - 50473 - ::1 Mozilla/5.0+(Windows+NT+10.0;+Win64;+x64)+AppleWebKit/537.36+(KHTML,+like+Gecko)+Chrome/75.0.3770.100+Safari/537.36 - 200 0 0 13853
#Software: Microsoft Internet Information Services 10.0
#Version: 1.0
#Date: 2019-06-30 11:13:02
#Fields: date time s-ip cs-method cs-uri-stem cs-uri-query s-port cs-username c-ip cs(User-Agent) cs(Referer) sc-status sc-substatus sc-win32-status time-taken
2019-06-30 11:13:02 ::1 GET / - 50473 - ::1 Mozilla/5.0+(Windows+NT+10.0;+Win64;+x64)+AppleWebKit/537.36+(KHTML,+like+Gecko)+Chrome/75.0.3770.100+Safari/537.36 - 200 0 0 14302
2019-06-30 11:13:02 ::1 GET /Content/bootstrap.css - 50473 - ::1 Mozilla/5.0+(Windows+NT+10.0;+Win64;+x64)+AppleWebKit/537.36+(KHTML,+like+Gecko)+Chrome/75.0.3770.100+Safari/537.36 http://localhost:50473/ 304 0 0 25
2019-06-30 11:13:02 ::1 GET /Scripts/jquery-3.3.1.js - 50473 - ::1 Mozilla/5.0+(Windows+NT+10.0;+Win64;+x64)+AppleWebKit/537.36+(KHTML,+like+Gecko)+Chrome/75.0.3770.100+Safari/537.36 http://localhost:50473/ 304 0 0 38
2019-06-30 11:13:02 ::1 GET /Content/site.css - 50473 - ::1 Mozilla/5.0+(Windows+NT+10.0;+Win64;+x64)+AppleWebKit/537.36+(KHTML,+like+Gecko)+Chrome/75.0.3770.100+Safari/537.36 http://localhost:50473/ 304 0 0 40
2019-06-30 11:13:02 ::1 GET /Scripts/modernizr-2.8.3.js - 50473 - ::1 Mozilla/5.0+(Windows+NT+10.0;+Win64;+x64)+AppleWebKit/537.36+(KHTML,+like+Gecko)+Chrome/75.0.3770.100+Safari/537.36 http://localhost:50473/ 304 0 0 57
2019-06-30 11:13:02 ::1 GET /Scripts/bootstrap.js - 50473 - ::1 Mozilla/5.0+(Windows+NT+10.0;+Win64;+x64)+AppleWebKit/537.36+(KHTML,+like+Gecko)+Chrome/75.0.3770.100+Safari/537.36 http://localhost:50473/ 304 0 0 63
#Software: Microsoft Internet Information Services 10.0
#Version: 1.0
#Date: 2019-06-30 11:19:03
#Fields: date time s-ip cs-method cs-uri-stem cs-uri-query s-port cs-username c-ip cs(User-Agent) cs(Referer) sc-status sc-substatus sc-win32-status time-taken
2019-06-30 11:19:03 ::1 GET / - 50473 - ::1 Mozilla/5.0+(Windows+NT+10.0;+Win64;+x64)+AppleWebKit/537.36+(KHTML,+like+Gecko)+Chrome/75.0.3770.100+Safari/537.36 - 200 0 0 13399
